TN:
SF:src\client\js\formHandler.js
FN:5,handleSubmit
FN:27,(anonymous_1)
FN:28,(anonymous_2)
FN:57,(anonymous_3)
FNF:4
FNH:3
FNDA:1,handleSubmit
FNDA:1,(anonymous_1)
FNDA:1,(anonymous_2)
FNDA:0,(anonymous_3)
DA:3,1
DA:6,1
DA:9,1
DA:10,1
DA:11,1
DA:13,1
DA:14,0
DA:19,1
DA:27,1
DA:29,1
DA:32,1
DA:34,1
DA:35,1
DA:36,1
DA:38,1
DA:40,1
DA:41,0
DA:44,1
DA:46,1
DA:48,1
DA:51,1
DA:55,1
DA:57,0
LF:23
LH:20
BRDA:13,0,0,0
BRDA:13,0,1,1
BRDA:13,1,0,1
BRDA:13,1,1,1
BRF:4
BRH:3
end_of_record
TN:
SF:src\server\index.js
FN:15,(anonymous_0)
FN:20,(anonymous_1)
FN:85,(anonymous_2)
FNF:3
FNH:2
FNDA:0,(anonymous_0)
FNDA:1,(anonymous_1)
FNDA:1,(anonymous_2)
DA:1,1
DA:2,1
DA:3,1
DA:4,1
DA:5,1
DA:7,1
DA:9,1
DA:11,1
DA:12,1
DA:13,1
DA:15,1
DA:16,0
DA:19,1
DA:20,1
DA:21,1
DA:22,1
DA:24,1
DA:25,1
DA:27,1
DA:28,1
DA:36,1
DA:37,1
DA:38,1
DA:39,1
DA:40,1
DA:41,1
DA:43,1
DA:53,1
DA:57,1
DA:58,1
DA:59,1
DA:66,1
DA:67,1
DA:69,1
DA:80,0
DA:81,0
DA:85,1
DA:86,1
DA:88,1
LF:39
LH:36
BRF:0
BRH:0
end_of_record
